Performing C SOURCE FILE Test CMAKE_HAVE_LIBC_PTHREAD failed with the following output:
Change Dir: /mnt/e/BILI/P2Y2S1/CS4204-Practical/Practical-1/cmake-build-debug/CMakeFiles/CMakeTmp

Run Build Command(s):/usr/bin/gmake cmTC_b95b8/fast && gmake: Warning: File 'Makefile' has modification time 0.58 s in the future
/usr/bin/gmake  -f CMakeFiles/cmTC_b95b8.dir/build.make CMakeFiles/cmTC_b95b8.dir/build
gmake[1]: Entering directory '/mnt/e/BILI/P2Y2S1/CS4204-Practical/Practical-1/cmake-build-debug/CMakeFiles/CMakeTmp'
gmake[1]: Warning: File 'CMakeFiles/cmTC_b95b8.dir/flags.make' has modification time 0.57 s in the future
Building C object CMakeFiles/cmTC_b95b8.dir/src.c.o
/usr/bin/cc   -DCMAKE_HAVE_LIBC_PTHREAD -std=gnu99 -o CMakeFiles/cmTC_b95b8.dir/src.c.o -c /mnt/e/BILI/P2Y2S1/CS4204-Practical/Practical-1/cmake-build-debug/CMakeFiles/CMakeTmp/src.c
Linking C executable cmTC_b95b8
/usr/bin/cmake -E cmake_link_script CMakeFiles/cmTC_b95b8.dir/link.txt --verbose=1
/usr/bin/cc  -DCMAKE_HAVE_LIBC_PTHREAD CMakeFiles/cmTC_b95b8.dir/src.c.o -o cmTC_b95b8 
/usr/bin/ld: CMakeFiles/cmTC_b95b8.dir/src.c.o: in function `main':
src.c:(.text+0x2f): undefined reference to `pthread_create'
/usr/bin/ld: src.c:(.text+0x3b): undefined reference to `pthread_detach'
/usr/bin/ld: src.c:(.text+0x47): undefined reference to `pthread_cancel'
/usr/bin/ld: src.c:(.text+0x58): undefined reference to `pthread_join'
collect2: error: ld returned 1 exit status
gmake[1]: *** [CMakeFiles/cmTC_b95b8.dir/build.make:106: cmTC_b95b8] Error 1
gmake[1]: Leaving directory '/mnt/e/BILI/P2Y2S1/CS4204-Practical/Practical-1/cmake-build-debug/CMakeFiles/CMakeTmp'
gmake: *** [Makefile:140: cmTC_b95b8/fast] Error 2


Source file was:
#include <pthread.h>

void* test_func(void* data)
{
  return data;
}

int main(void)
{
  pthread_t thread;
  pthread_create(&thread, NULL, test_func, NULL);
  pthread_detach(thread);
  pthread_cancel(thread);
  pthread_join(thread, NULL);
  pthread_atfork(NULL, NULL, NULL);
  pthread_exit(NULL);

  return 0;
}

Determining if the function pthread_create exists in the pthreads failed with the following output:
Change Dir: /mnt/e/BILI/P2Y2S1/CS4204-Practical/Practical-1/cmake-build-debug/CMakeFiles/CMakeTmp

Run Build Command(s):/usr/bin/gmake cmTC_0c1cf/fast && gmake: Warning: File 'Makefile' has modification time 0.58 s in the future
/usr/bin/gmake  -f CMakeFiles/cmTC_0c1cf.dir/build.make CMakeFiles/cmTC_0c1cf.dir/build
gmake[1]: Entering directory '/mnt/e/BILI/P2Y2S1/CS4204-Practical/Practical-1/cmake-build-debug/CMakeFiles/CMakeTmp'
gmake[1]: Warning: File 'CMakeFiles/cmTC_0c1cf.dir/flags.make' has modification time 0.55 s in the future
Building C object CMakeFiles/cmTC_0c1cf.dir/CheckFunctionExists.c.o
/usr/bin/cc   -DCHECK_FUNCTION_EXISTS=pthread_create -std=gnu99 -o CMakeFiles/cmTC_0c1cf.dir/CheckFunctionExists.c.o -c /usr/share/cmake-3.18/Modules/CheckFunctionExists.c
Linking C executable cmTC_0c1cf
/usr/bin/cmake -E cmake_link_script CMakeFiles/cmTC_0c1cf.dir/link.txt --verbose=1
/usr/bin/cc  -DCHECK_FUNCTION_EXISTS=pthread_create CMakeFiles/cmTC_0c1cf.dir/CheckFunctionExists.c.o -o cmTC_0c1cf  -lpthreads 
/usr/bin/ld: cannot find -lpthreads
collect2: error: ld returned 1 exit status
gmake[1]: *** [CMakeFiles/cmTC_0c1cf.dir/build.make:106: cmTC_0c1cf] Error 1
gmake[1]: Leaving directory '/mnt/e/BILI/P2Y2S1/CS4204-Practical/Practical-1/cmake-build-debug/CMakeFiles/CMakeTmp'
gmake: *** [Makefile:140: cmTC_0c1cf/fast] Error 2



